Performing C++ SOURCE FILE Test CMAKE_HAVE_LIBC_PTHREAD failed with the following output:
Change Dir: /home/rangkast.jeong/Project/pnp/build/CMakeFiles/CMakeScratch/TryCompile-cYsVQq

Run Build Command(s):/usr/bin/make -f Makefile cmTC_5b209/fast && /usr/bin/make  -f CMakeFiles/cmTC_5b209.dir/build.make CMakeFiles/cmTC_5b209.dir/build
make[1]: Entering directory '/home/rangkast.jeong/Project/pnp/build/CMakeFiles/CMakeScratch/TryCompile-cYsVQq'
Building CXX object CMakeFiles/cmTC_5b209.dir/src.cxx.o
/usr/bin/c++ -DCMAKE_HAVE_LIBC_PTHREAD   -o CMakeFiles/cmTC_5b209.dir/src.cxx.o -c /home/rangkast.jeong/Project/pnp/build/CMakeFiles/CMakeScratch/TryCompile-cYsVQq/src.cxx
Linking CXX executable cmTC_5b209
/home/rangkast.jeong/.local/lib/python3.8/site-packages/cmake/data/bin/cmake -E cmake_link_script CMakeFiles/cmTC_5b209.dir/link.txt --verbose=1
/usr/bin/c++ CMakeFiles/cmTC_5b209.dir/src.cxx.o -o cmTC_5b209 
/usr/bin/ld: CMakeFiles/cmTC_5b209.dir/src.cxx.o: in function `main':
src.cxx:(.text+0x46): undefined reference to `pthread_create'
/usr/bin/ld: src.cxx:(.text+0x52): undefined reference to `pthread_detach'
/usr/bin/ld: src.cxx:(.text+0x5e): undefined reference to `pthread_cancel'
/usr/bin/ld: src.cxx:(.text+0x6f): undefined reference to `pthread_join'
collect2: error: ld returned 1 exit status
make[1]: *** [CMakeFiles/cmTC_5b209.dir/build.make:99: cmTC_5b209] Error 1
make[1]: Leaving directory '/home/rangkast.jeong/Project/pnp/build/CMakeFiles/CMakeScratch/TryCompile-cYsVQq'
make: *** [Makefile:127: cmTC_5b209/fast] Error 2


Source file was:
#include <pthread.h>

static void* test_func(void* data)
{
  return data;
}

int main(void)
{
  pthread_t thread;
  pthread_create(&thread, NULL, test_func, NULL);
  pthread_detach(thread);
  pthread_cancel(thread);
  pthread_join(thread, NULL);
  pthread_atfork(NULL, NULL, NULL);
  pthread_exit(NULL);

  return 0;
}


Determining if the function pthread_create exists in the pthreads failed with the following output:
Change Dir: /home/rangkast.jeong/Project/pnp/build/CMakeFiles/CMakeScratch/TryCompile-y63yks

Run Build Command(s):/usr/bin/make -f Makefile cmTC_554d5/fast && /usr/bin/make  -f CMakeFiles/cmTC_554d5.dir/build.make CMakeFiles/cmTC_554d5.dir/build
make[1]: Entering directory '/home/rangkast.jeong/Project/pnp/build/CMakeFiles/CMakeScratch/TryCompile-y63yks'
Building CXX object CMakeFiles/cmTC_554d5.dir/CheckFunctionExists.cxx.o
/usr/bin/c++   -DCHECK_FUNCTION_EXISTS=pthread_create -o CMakeFiles/cmTC_554d5.dir/CheckFunctionExists.cxx.o -c /home/rangkast.jeong/Project/pnp/build/CMakeFiles/CMakeScratch/TryCompile-y63yks/CheckFunctionExists.cxx
Linking CXX executable cmTC_554d5
/home/rangkast.jeong/.local/lib/python3.8/site-packages/cmake/data/bin/cmake -E cmake_link_script CMakeFiles/cmTC_554d5.dir/link.txt --verbose=1
/usr/bin/c++  -DCHECK_FUNCTION_EXISTS=pthread_create CMakeFiles/cmTC_554d5.dir/CheckFunctionExists.cxx.o -o cmTC_554d5  -lpthreads 
/usr/bin/ld: cannot find -lpthreads
collect2: error: ld returned 1 exit status
make[1]: *** [CMakeFiles/cmTC_554d5.dir/build.make:99: cmTC_554d5] Error 1
make[1]: Leaving directory '/home/rangkast.jeong/Project/pnp/build/CMakeFiles/CMakeScratch/TryCompile-y63yks'
make: *** [Makefile:127: cmTC_554d5/fast] Error 2



Determining if the function sgemm_ exists failed with the following output:
Change Dir: /home/rangkast.jeong/Project/pnp/build/CMakeFiles/CMakeScratch/TryCompile-fd3k0q

Run Build Command(s):/usr/bin/make -f Makefile cmTC_d174b/fast && /usr/bin/make  -f CMakeFiles/cmTC_d174b.dir/build.make CMakeFiles/cmTC_d174b.dir/build
make[1]: Entering directory '/home/rangkast.jeong/Project/pnp/build/CMakeFiles/CMakeScratch/TryCompile-fd3k0q'
Building CXX object CMakeFiles/cmTC_d174b.dir/CheckFunctionExists.cxx.o
/usr/bin/c++   -DCHECK_FUNCTION_EXISTS=sgemm_ -o CMakeFiles/cmTC_d174b.dir/CheckFunctionExists.cxx.o -c /home/rangkast.jeong/Project/pnp/build/CMakeFiles/CMakeScratch/TryCompile-fd3k0q/CheckFunctionExists.cxx
Linking CXX executable cmTC_d174b
/home/rangkast.jeong/.local/lib/python3.8/site-packages/cmake/data/bin/cmake -E cmake_link_script CMakeFiles/cmTC_d174b.dir/link.txt --verbose=1
/usr/bin/c++  -DCHECK_FUNCTION_EXISTS=sgemm_ CMakeFiles/cmTC_d174b.dir/CheckFunctionExists.cxx.o -o cmTC_d174b 
/usr/bin/ld: CMakeFiles/cmTC_d174b.dir/CheckFunctionExists.cxx.o: in function `main':
CheckFunctionExists.cxx:(.text+0x14): undefined reference to `sgemm_'
collect2: error: ld returned 1 exit status
make[1]: *** [CMakeFiles/cmTC_d174b.dir/build.make:99: cmTC_d174b] Error 1
make[1]: Leaving directory '/home/rangkast.jeong/Project/pnp/build/CMakeFiles/CMakeScratch/TryCompile-fd3k0q'
make: *** [Makefile:127: cmTC_d174b/fast] Error 2



Determining if the function cheev_ exists failed with the following output:
Change Dir: /home/rangkast.jeong/Project/pnp/build/CMakeFiles/CMakeScratch/TryCompile-2BViQq

Run Build Command(s):/usr/bin/make -f Makefile cmTC_b8598/fast && /usr/bin/make  -f CMakeFiles/cmTC_b8598.dir/build.make CMakeFiles/cmTC_b8598.dir/build
make[1]: Entering directory '/home/rangkast.jeong/Project/pnp/build/CMakeFiles/CMakeScratch/TryCompile-2BViQq'
Building CXX object CMakeFiles/cmTC_b8598.dir/CheckFunctionExists.cxx.o
/usr/bin/c++   -DCHECK_FUNCTION_EXISTS=cheev_ -o CMakeFiles/cmTC_b8598.dir/CheckFunctionExists.cxx.o -c /home/rangkast.jeong/Project/pnp/build/CMakeFiles/CMakeScratch/TryCompile-2BViQq/CheckFunctionExists.cxx
Linking CXX executable cmTC_b8598
/home/rangkast.jeong/.local/lib/python3.8/site-packages/cmake/data/bin/cmake -E cmake_link_script CMakeFiles/cmTC_b8598.dir/link.txt --verbose=1
/usr/bin/c++  -DCHECK_FUNCTION_EXISTS=cheev_ CMakeFiles/cmTC_b8598.dir/CheckFunctionExists.cxx.o -o cmTC_b8598  /usr/lib/x86_64-linux-gnu/libblas.so /usr/lib/x86_64-linux-gnu/libf77blas.so /usr/lib/x86_64-linux-gnu/libatlas.so -lpthread -lm -ldl 
/usr/bin/ld: CMakeFiles/cmTC_b8598.dir/CheckFunctionExists.cxx.o: in function `main':
CheckFunctionExists.cxx:(.text+0x14): undefined reference to `cheev_'
collect2: error: ld returned 1 exit status
make[1]: *** [CMakeFiles/cmTC_b8598.dir/build.make:102: cmTC_b8598] Error 1
make[1]: Leaving directory '/home/rangkast.jeong/Project/pnp/build/CMakeFiles/CMakeScratch/TryCompile-2BViQq'
make: *** [Makefile:127: cmTC_b8598/fast] Error 2



